<?xml version="1.0" encoding="UTF-8"?><testsuite errors="3" failures="0" name="make a payment to three different client" skipped="0" tests="3" time="2.77" timestamp="2022-01-18 08:36:23"><testcase name="make a payment"><error message="Could not instantiate new WebDriver instance of type class io.appium.java_client.AppiumDriver (Illegal appium.platformName value (needs to be either IOS or ANDROID):Android). See below for more details." type="net.thucydides.core.webdriver.DriverConfigurationError">Could not instantiate new WebDriver instance of type class io.appium.java_client.AppiumDriver (Illegal appium.platformName value (needs to be either IOS or ANDROID):Android). See below for more details.</error><system-err>Could not instantiate new WebDriver instance of type class io.appium.java_client.AppiumDriver (Illegal appium.platformName value (needs to be either IOS or ANDROID):Android). See below for more details.&#13;
steps.PaymentSteps.user_login_with_username_and_password(PaymentSteps.java:37)&#13;
io.cucumber.java.Invoker.doInvoke(Invoker.java:66)&#13;
io.cucumber.java.Invoker.invoke(Invoker.java:24)&#13;
io.cucumber.java.AbstractGlueDefinition.invokeMethod(AbstractGlueDefinition.java:47)&#13;
io.cucumber.java.JavaStepDefinition.execute(JavaStepDefinition.java:29)&#13;
io.cucumber.core.runner.CoreStepDefinition.execute(CoreStepDefinition.java:66)&#13;
io.cucumber.core.runner.PickleStepDefinitionMatch.runStep(PickleStepDefinitionMatch.java:63)&#13;
io.cucumber.core.runner.TestStep.executeStep(TestStep.java:92)&#13;
io.cucumber.core.runner.TestStep.run(TestStep.java:64)&#13;
io.cucumber.core.runner.PickleStepTestStep.run(PickleStepTestStep.java:51)&#13;
io.cucumber.core.runner.TestCase.run(TestCase.java:104)&#13;
io.cucumber.core.runner.Runner.runPickle(Runner.java:73)&#13;
io.cucumber.junit.FeatureRunner.runChild(FeatureRunner.java:135)&#13;
io.cucumber.junit.FeatureRunner.runChild(FeatureRunner.java:27)&#13;
io.cucumber.junit.CucumberSerenityRunner.runChild(CucumberSerenityRunner.java:258)&#13;
io.cucumber.junit.CucumberSerenityRunner.runChild(CucumberSerenityRunner.java:57)&#13;
</system-err></testcase></testsuite>